{"D:\\cypress-POC\\todo-app\\src\\Add.js": {"path":"D:\\cypress-POC\\todo-app\\src\\Add.js","statementMap":{"0":{"start":{"line":4,"column":28},"end":{"line":6,"column":6}},"1":{"start":{"line":7,"column":21},"end":{"line":11,"column":5}},"2":{"start":{"line":8,"column":20},"end":{"line":8,"column":35}},"3":{"start":{"line":9,"column":22},"end":{"line":9,"column":38}},"4":{"start":{"line":10,"column":8},"end":{"line":10,"column":58}},"5":{"start":{"line":10,"column":28},"end":{"line":10,"column":56}},"6":{"start":{"line":12,"column":4},"end":{"line":19,"column":5}}},"fnMap":{"0":{"name":"Add","decl":{"start":{"line":3,"column":24},"end":{"line":3,"column":27}},"loc":{"start":{"line":3,"column":29},"end":{"line":20,"column":1}},"line":3},"1":{"name":"(anonymous_1)","decl":{"start":{"line":7,"column":21},"end":{"line":7,"column":22}},"loc":{"start":{"line":7,"column":30},"end":{"line":11,"column":5}},"line":7},"2":{"name":"(anonymous_2)","decl":{"start":{"line":10,"column":16},"end":{"line":10,"column":17}},"loc":{"start":{"line":10,"column":28},"end":{"line":10,"column":56}},"line":10}},"branchMap":{},"s":{"0":18,"1":17,"2":16,"3":16,"4":16,"5":16,"6":17},"f":{"0":18,"1":16,"2":16},"b":{},"_coverageSchema":"1a1c01bbd47fc00a2c39e90264f33305004495a9","hash":"298a64c8bbbf634b76ebcab78e02ce58bdb912ab"}
,"D:\\cypress-POC\\todo-app\\src\\App.js": {"path":"D:\\cypress-POC\\todo-app\\src\\App.js","statementMap":{"0":{"start":{"line":6,"column":28},"end":{"line":6,"column":40}},"1":{"start":{"line":8,"column":20},"end":{"line":10,"column":3}},"2":{"start":{"line":9,"column":4},"end":{"line":9,"column":53}},"3":{"start":{"line":9,"column":25},"end":{"line":9,"column":51}},"4":{"start":{"line":12,"column":2},"end":{"line":16,"column":4}}},"fnMap":{"0":{"name":"App","decl":{"start":{"line":5,"column":9},"end":{"line":5,"column":12}},"loc":{"start":{"line":5,"column":15},"end":{"line":17,"column":1}},"line":5},"1":{"name":"(anonymous_1)","decl":{"start":{"line":8,"column":20},"end":{"line":8,"column":21}},"loc":{"start":{"line":8,"column":33},"end":{"line":10,"column":3}},"line":8},"2":{"name":"(anonymous_2)","decl":{"start":{"line":9,"column":13},"end":{"line":9,"column":14}},"loc":{"start":{"line":9,"column":25},"end":{"line":9,"column":51}},"line":9}},"branchMap":{},"s":{"0":0,"1":0,"2":0,"3":0,"4":0},"f":{"0":0,"1":0,"2":0},"b":{}}
,"D:\\cypress-POC\\todo-app\\src\\index.js": {"path":"D:\\cypress-POC\\todo-app\\src\\index.js","statementMap":{"0":{"start":{"line":5,"column":13},"end":{"line":5,"column":65}},"1":{"start":{"line":6,"column":0},"end":{"line":10,"column":2}}},"fnMap":{},"branchMap":{},"s":{"0":0,"1":0},"f":{},"b":{}}
}
